Release 14.7 - xst P.20131013 (nt64)
Copyright (c) 1995-2013 Xilinx, Inc.  All rights reserved.
--> Parameter TMPDIR set to xst/projnav.tmp


Total REAL time to Xst completion: 0.00 secs
Total CPU time to Xst completion: 0.08 secs
 
--> Parameter xsthdpdir set to xst


Total REAL time to Xst completion: 0.00 secs
Total CPU time to Xst completion: 0.08 secs
 
--> Reading design: N_bit_adder.prj

TABLE OF CONTENTS
  1) Synthesis Options Summary
  2) HDL Parsing
  3) HDL Elaboration
  4) HDL Synthesis
       4.1) HDL Synthesis Report
  5) Advanced HDL Synthesis
       5.1) Advanced HDL Synthesis Report
  6) Low Level Synthesis
  7) Partition Report
  8) Design Summary
       8.1) Primitive and Black Box Usage
       8.2) Device utilization summary
       8.3) Partition Resource Summary
       8.4) Timing Report
            8.4.1) Clock Information
            8.4.2) Asynchronous Control Signals Information
            8.4.3) Timing Summary
            8.4.4) Timing Details
            8.4.5) Cross Clock Domains Report


=========================================================================
*                      Synthesis Options Summary                        *
=========================================================================
---- Source Parameters
Input File Name                    : "N_bit_adder.prj"
Ignore Synthesis Constraint File   : NO

---- Target Parameters
Output File Name                   : "N_bit_adder"
Output Format                      : NGC
Target Device                      : xc7a100t-3-csg324

---- Source Options
Top Module Name                    : N_bit_adder
Automatic FSM Extraction           : YES
FSM Encoding Algorithm             : Auto
Safe Implementation                : No
FSM Style                          : LUT
RAM Extraction                     : Yes
RAM Style                          : Auto
ROM Extraction                     : Yes
Shift Register Extraction          : YES
ROM Style                          : Auto
Resource Sharing                   : YES
Asynchronous To Synchronous        : NO
Shift Register Minimum Size        : 2
Use DSP Block                      : Auto
Automatic Register Balancing       : No

---- Target Options
LUT Combining                      : Auto
Reduce Control Sets                : Auto
Add IO Buffers                     : YES
Global Maximum Fanout              : 100000
Add Generic Clock Buffer(BUFG)     : 32
Register Duplication               : YES
Optimize Instantiated Primitives   : NO
Use Clock Enable                   : Auto
Use Synchronous Set                : Auto
Use Synchronous Reset              : Auto
Pack IO Registers into IOBs        : Auto
Equivalent register Removal        : YES

---- General Options
Optimization Goal                  : Speed
Optimization Effort                : 1
Power Reduction                    : NO
Keep Hierarchy                     : No
Netlist Hierarchy                  : As_Optimized
RTL Output                         : Yes
Global Optimization                : AllClockNets
Read Cores                         : YES
Write Timing Constraints           : NO
Cross Clock Analysis               : NO
Hierarchy Separator                : /
Bus Delimiter                      : <>
Case Specifier                     : Maintain
Slice Utilization Ratio            : 100
BRAM Utilization Ratio             : 100
DSP48 Utilization Ratio            : 100
Auto BRAM Packing                  : NO
Slice Utilization Ratio Delta      : 5

=========================================================================


=========================================================================
*                          HDL Parsing                                  *
=========================================================================
Analyzing Verilog file "E:\TA logic citcute\verilog_class\class4\N_bit_adder\N_bit_adder.v" into library work
Parsing module <N_bit_adder>.
Parsing module <half_adder>.
Parsing module <full_adder>.

=========================================================================
*                            HDL Elaboration                            *
=========================================================================

Elaborating module <N_bit_adder>.

Elaborating module <half_adder>.

Elaborating module <full_adder>.
WARNING:HDLCompiler:1127 - "E:\TA logic citcute\verilog_class\class4\N_bit_adder\N_bit_adder.v" Line 36: Assignment to carry_out ignored, since the identifier is never used

=========================================================================
*                           HDL Synthesis                               *
=========================================================================

Synthesizing Unit <N_bit_adder>.
    Related source file is "E:\TA logic citcute\verilog_class\class4\N_bit_adder\N_bit_adder.v".
        N = 32
INFO:Xst:3210 - "E:\TA logic citcute\verilog_class\class4\N_bit_adder\N_bit_adder.v" line 34: Output port <c_out> of the instance <generate_N_bit_adder[31].f> is unconnected or connected to loadless signal.
    Summary:
	no macro.
Unit <N_bit_adder> synthesized.

Synthesizing Unit <half_adder>.
    Related source file is "E:\TA logic citcute\verilog_class\class4\N_bit_adder\N_bit_adder.v".
    Summary:
Unit <half_adder> synthesized.

Synthesizing Unit <full_adder>.
    Related source file is "E:\TA logic citcute\verilog_class\class4\N_bit_adder\N_bit_adder.v".
    Summary:
Unit <full_adder> synthesized.

=========================================================================
HDL Synthesis Report

Macro Statistics
# Xors                                                 : 63
 1-bit xor2                                            : 63

=========================================================================

=========================================================================
*                       Advanced HDL Synthesis                          *
=========================================================================


=========================================================================
Advanced HDL Synthesis Report

Macro Statistics
# Xors                                                 : 63
 1-bit xor2                                            : 63

=========================================================================

=========================================================================
*                         Low Level Synthesis                           *
=========================================================================

Optimizing unit <N_bit_adder> ...

Mapping all equations...
Building and optimizing final netlist ...
Found area constraint ratio of 100 (+ 5) on block N_bit_adder, actual ratio is 0.

Final Macro Processing ...

=========================================================================
Final Register Report

Found no macro
=========================================================================

=========================================================================
*                           Partition Report                            *
=========================================================================

Partition Implementation Status
-------------------------------

  No Partitions were found in this design.

-------------------------------

=========================================================================
*                            Design Summary                             *
=========================================================================

Top Level Output File Name         : N_bit_adder.ngc

Primitive and Black Box Usage:
------------------------------
# BELS                             : 47
#      LUT2                        : 1
#      LUT3                        : 15
#      LUT4                        : 1
#      LUT5                        : 28
#      LUT6                        : 2
# IO Buffers                       : 96
#      IBUF                        : 64
#      OBUF                        : 32

Device utilization summary:
---------------------------

Selected Device : 7a100tcsg324-3 


Slice Logic Utilization: 
 Number of Slice LUTs:                   47  out of  63400     0%  
    Number used as Logic:                47  out of  63400     0%  

Slice Logic Distribution: 
 Number of LUT Flip Flop pairs used:     47
   Number with an unused Flip Flop:      47  out of     47   100%  
   Number with an unused LUT:             0  out of     47     0%  
   Number of fully used LUT-FF pairs:     0  out of     47     0%  
   Number of unique control sets:         0

IO Utilization: 
 Number of IOs:                          96
 Number of bonded IOBs:                  96  out of    210    45%  

Specific Feature Utilization:

---------------------------
Partition Resource Summary:
---------------------------

  No Partitions were found in this design.

---------------------------


=========================================================================
Timing Report

NOTE: THESE TIMING NUMBERS ARE ONLY A SYNTHESIS ESTIMATE.
      FOR ACCURATE TIMING INFORMATION PLEASE REFER TO THE TRACE REPORT
      GENERATED AFTER PLACE-and-ROUTE.

Clock Information:
------------------
No clock signals found in this design

Asynchronous Control Signals Information:
----------------------------------------
No asynchronous control signals found in this design

Timing Summary:
---------------
Speed Grade: -3

   Minimum period: No path found
   Minimum input arrival time before clock: No path found
   Maximum output required time after clock: No path found
   Maximum combinational path delay: 7.311ns

Timing Details:
---------------
All values displayed in nanoseconds (ns)

=========================================================================
Timing constraint: Default path analysis
  Total number of paths / destination ports: 1056 / 32
-------------------------------------------------------------------------
Delay:               7.311ns (Levels of Logic = 18)
  Source:            input1<2> (PAD)
  Destination:       answer<30> (PAD)

  Data Path: input1<2> to answer<30>
                                Gate     Net
    Cell:in->out      fanout   Delay   Delay  Logical Name (Net Name)
    ----------------------------------------  ------------
     IBUF:I->O             2   0.001   0.697  input1_2_IBUF (input1_2_IBUF)
     LUT6:I0->O            3   0.097   0.305  generate_N_bit_adder[2].f/c_out1 (carry<2>)
     LUT5:I4->O            3   0.097   0.305  generate_N_bit_adder[4].f/c_out1 (carry<4>)
     LUT5:I4->O            3   0.097   0.305  generate_N_bit_adder[6].f/c_out1 (carry<6>)
     LUT5:I4->O            3   0.097   0.305  generate_N_bit_adder[8].f/c_out1 (carry<8>)
     LUT3:I2->O            2   0.097   0.299  generate_N_bit_adder[9].f/c_out1 (carry<9>)
     LUT5:I4->O            3   0.097   0.305  generate_N_bit_adder[11].f/c_out1 (carry<11>)
     LUT5:I4->O            3   0.097   0.305  generate_N_bit_adder[13].f/c_out1 (carry<13>)
     LUT5:I4->O            3   0.097   0.305  generate_N_bit_adder[15].f/c_out1 (carry<15>)
     LUT5:I4->O            3   0.097   0.305  generate_N_bit_adder[17].f/c_out1 (carry<17>)
     LUT5:I4->O            3   0.097   0.305  generate_N_bit_adder[19].f/c_out1 (carry<19>)
     LUT5:I4->O            3   0.097   0.305  generate_N_bit_adder[21].f/c_out1 (carry<21>)
     LUT5:I4->O            3   0.097   0.305  generate_N_bit_adder[23].f/c_out1 (carry<23>)
     LUT5:I4->O            3   0.097   0.305  generate_N_bit_adder[25].f/c_out1 (carry<25>)
     LUT5:I4->O            3   0.097   0.305  generate_N_bit_adder[27].f/c_out1 (carry<27>)
     LUT5:I4->O            2   0.097   0.515  generate_N_bit_adder[29].f/c_out1 (carry<29>)
     LUT3:I0->O            1   0.097   0.279  generate_N_bit_adder[30].f/Mxor_s_xo<0>1 (answer_30_OBUF)
     OBUF:I->O                 0.000          answer_30_OBUF (answer<30>)
    ----------------------------------------
    Total                      7.311ns (1.553ns logic, 5.758ns route)
                                       (21.2% logic, 78.8% route)

=========================================================================

Cross Clock Domains Report:
--------------------------

=========================================================================


Total REAL time to Xst completion: 8.00 secs
Total CPU time to Xst completion: 8.14 secs
 
--> 

Total memory usage is 413840 kilobytes

Number of errors   :    0 (   0 filtered)
Number of warnings :    1 (   0 filtered)
Number of infos    :    1 (   0 filtered)

